Using pre-set license
Built from '2021.3/staging' branch; Version is '2021.3.2f1 (d6360bedb9a0) revision 14038539'; Using compiler version '192829333'; Build Type 'Release'
OS: 'Windows 10  (10.0.19043) 64bit Core' Language: 'en' Physical Memory: 7102 MB
BatchMode: 1, IsHumanControllingUs: 0, StartBugReporterOnCrash: 0, Is64bit: 1, IsPro: 1

COMMAND LINE ARGUMENTS:
C:\Program Files\Unity\Hub\Editor\2021.3.2f1\Editor\Unity.exe
-adb2
-batchMode
-noUpm
-name
AssetImportWorker5
-projectPath
C:/Users/grim6/Documents/GitHub/GameEx/My project (1)
-logFile
Logs/AssetImportWorker5.log
-srvPort
60474
Successfully changed project path to: C:/Users/grim6/Documents/GitHub/GameEx/My project (1)
C:/Users/grim6/Documents/GitHub/GameEx/My project (1)
[UnityMemory] Configuration Parameters - Can be set up in boot.config
    "memorysetup-bucket-allocator-granularity=16"
    "memorysetup-bucket-allocator-bucket-count=8"
    "memorysetup-bucket-allocator-block-size=33554432"
    "memorysetup-bucket-allocator-block-count=8"
    "memorysetup-main-allocator-block-size=16777216"
    "memorysetup-thread-allocator-block-size=16777216"
    "memorysetup-gfx-main-allocator-block-size=16777216"
    "memorysetup-gfx-thread-allocator-block-size=16777216"
    "memorysetup-cache-allocator-block-size=4194304"
    "memorysetup-typetree-allocator-block-size=2097152"
    "memorysetup-profiler-bucket-allocator-granularity=16"
    "memorysetup-profiler-bucket-allocator-bucket-count=8"
    "memorysetup-profiler-bucket-allocator-block-size=33554432"
    "memorysetup-profiler-bucket-allocator-block-count=8"
    "memorysetup-profiler-allocator-block-size=16777216"
    "memorysetup-profiler-editor-allocator-block-size=1048576"
    "memorysetup-temp-allocator-size-main=16777216"
    "memorysetup-job-temp-allocator-block-size=2097152"
    "memorysetup-job-temp-allocator-block-size-background=1048576"
    "memorysetup-job-temp-allocator-reduction-small-platforms=262144"
    "memorysetup-temp-allocator-size-background-worker=32768"
    "memorysetup-temp-allocator-size-job-worker=262144"
    "memorysetup-temp-allocator-size-preload-manager=33554432"
    "memorysetup-temp-allocator-size-nav-mesh-worker=65536"
    "memorysetup-temp-allocator-size-audio-worker=65536"
    "memorysetup-temp-allocator-size-cloud-worker=32768"
    "memorysetup-temp-allocator-size-gi-baking-worker=262144"
    "memorysetup-temp-allocator-size-gfx=262144"
Refreshing native plugins compatible for Editor in 169.99 ms, found 4 plugins.
Preloading 0 native plugins for Editor in 0.00 ms.
Initialize engine version: 2021.3.2f1 (d6360bedb9a0)
[Subsystems] Discovering subsystems at path C:/Program Files/Unity/Hub/Editor/2021.3.2f1/Editor/Data/Resources/UnitySubsystems
[Subsystems] Discovering subsystems at path C:/Users/grim6/Documents/GitHub/GameEx/My project (1)/Assets
GfxDevice: creating device client; threaded=0; jobified=0
Direct3D:
    Version:  Direct3D 11.0 [level 11.1]
    Renderer: AMD Radeon(TM) Vega 3 Graphics (ID=0x15dd)
    Vendor:   ATI
    VRAM:     3551 MB
    Driver:   26.20.14042.2
Initialize mono
Mono path[0] = 'C:/Program Files/Unity/Hub/Editor/2021.3.2f1/Editor/Data/Managed'
Mono path[1] = 'C:/Program Files/Unity/Hub/Editor/2021.3.2f1/Editor/Data/MonoBleedingEdge/lib/mono/unityjit-win32'
Mono config path = 'C:/Program Files/Unity/Hub/Editor/2021.3.2f1/Editor/Data/MonoBleedingEdge/etc'
Using monoOptions --debugger-agent=transport=dt_socket,embedding=1,server=y,suspend=n,address=127.0.0.1:56700
Begin MonoManager ReloadAssembly
Registering precompiled unity dll's ...
Register platform support module: C:/Program Files/Unity/Hub/Editor/2021.3.2f1/Editor/Data/PlaybackEngines/WindowsStandaloneSupport/UnityEditor.WindowsStandalone.Extensions.dll
Registered in 0.016007 seconds.
Native extension for WindowsStandalone target not found
Refreshing native plugins compatible for Editor in 191.13 ms, found 4 plugins.
Preloading 0 native plugins for Editor in 0.00 ms.
Mono: successfully reloaded assembly
- Completed reload, in  1.386 seconds
Domain Reload Profiling:
	ReloadAssembly (1387ms)
		BeginReloadAssembly (135ms)
			ExecutionOrderSort (0ms)
			DisableScriptedObjects (0ms)
			BackupInstance (0ms)
			ReleaseScriptingObjects (0ms)
			CreateAndSetChildDomain (1ms)
		EndReloadAssembly (1015ms)
			LoadAssemblies (129ms)
			RebuildTransferFunctionScriptingTraits (0ms)
			SetupTypeCache (184ms)
			ReleaseScriptCaches (0ms)
			RebuildScriptCaches (77ms)
			SetupLoadedEditorAssemblies (644ms)
				LogAssemblyErrors (0ms)
				InitializePlatformSupportModulesInManaged (25ms)
				SetLoadedEditorAssemblies (0ms)
				RefreshPlugins (191ms)
				BeforeProcessingInitializeOnLoad (3ms)
				ProcessInitializeOnLoadAttributes (342ms)
				ProcessInitializeOnLoadMethodAttributes (82ms)
				AfterProcessingInitializeOnLoad (0ms)
				EditorAssembliesLoaded (0ms)
			ExecutionOrderSort2 (0ms)
			AwakeInstancesAfterBackupRestoration (0ms)
Platform modules already initialized, skipping
Registering precompiled user dll's ...
Registered in 0.014497 seconds.
Begin MonoManager ReloadAssembly
Symbol file LoadedFromMemory doesn't match image C:\Users\grim6\Documents\GitHub\GameEx\My project (1)\Library\PackageCache\com.unity.visualscripting@1.7.6\Editor\VisualScripting.Core\Dependencies\YamlDotNet\Unity.VisualScripting.YamlDotNet.dll
Symbol file LoadedFromMemory doesn't match image C:\Users\grim6\Documents\GitHub\GameEx\My project (1)\Library\PackageCache\com.unity.visualscripting@1.7.6\Editor\VisualScripting.Core\Dependencies\DotNetZip\Unity.VisualScripting.IonicZip.dll
Native extension for WindowsStandalone target not found
Refreshing native plugins compatible for Editor in 152.25 ms, found 4 plugins.
Preloading 0 native plugins for Editor in 0.00 ms.
Mono: successfully reloaded assembly
- Completed reload, in  2.296 seconds
Domain Reload Profiling:
	ReloadAssembly (2298ms)
		BeginReloadAssembly (193ms)
			ExecutionOrderSort (0ms)
			DisableScriptedObjects (10ms)
			BackupInstance (0ms)
			ReleaseScriptingObjects (0ms)
			CreateAndSetChildDomain (34ms)
		EndReloadAssembly (1900ms)
			LoadAssemblies (144ms)
			RebuildTransferFunctionScriptingTraits (0ms)
			SetupTypeCache (622ms)
			ReleaseScriptCaches (1ms)
			RebuildScriptCaches (111ms)
			SetupLoadedEditorAssemblies (919ms)
				LogAssemblyErrors (0ms)
				InitializePlatformSupportModulesInManaged (9ms)
				SetLoadedEditorAssemblies (0ms)
				RefreshPlugins (152ms)
				BeforeProcessingInitializeOnLoad (190ms)
				ProcessInitializeOnLoadAttributes (409ms)
				ProcessInitializeOnLoadMethodAttributes (142ms)
				AfterProcessingInitializeOnLoad (15ms)
				EditorAssembliesLoaded (0ms)
			ExecutionOrderSort2 (0ms)
			AwakeInstancesAfterBackupRestoration (15ms)
Platform modules already initialized, skipping
========================================================================
Worker process is ready to serve import requests
Launched and connected shader compiler UnityShaderCompiler.exe after 1.86 seconds
Refreshing native plugins compatible for Editor in 1.10 ms, found 4 plugins.
Preloading 0 native plugins for Editor in 0.00 ms.
Unloading 4048 Unused Serialized files (Serialized files now loaded: 0)
Unloading 43 unused Assets / (225.4 KB). Loaded Objects now: 4498.
Memory consumption went from 150.6 MB to 150.4 MB.
Total: 5.932600 ms (FindLiveObjects: 0.481400 ms CreateObjectMapping: 0.150400 ms MarkObjects: 5.019300 ms  DeleteObjects: 0.279700 ms)

AssetImportParameters requested are different than current active one (requested -> active):
  custom:video-decoder-ogg-theora: a1e56fd34408186e4bbccfd4996cb3dc -> 
  custom:container-muxer-webm: aa71ff27fc2769a1b78a27578f13a17b -> 
  custom:container-demuxer-webm: 4f35f7cbe854078d1ac9338744f61a02 -> 
  custom:video-encoder-webm-vp8: eb34c28f22e8b96e1ab97ce403110664 -> 
  custom:audio-encoder-webm-vorbis: bf7c407c2cedff20999df2af8eb42d56 -> 
  custom:framework-win-MediaFoundation: 216162199b28c13a410421893ffa2e32 -> 
  custom:container-demuxer-ogg: 62fdf1f143b41e24485cea50d1cbac27 -> 
  custom:video-decoder-webm-vp8: 9c59270c3fd7afecdb556c50c9e8de78 -> 
  custom:audio-decoder-ogg-vorbis: bf7c407c2cedff20999df2af8eb42d56 -> 
========================================================================
Received Import Request.
  Time since last request: 6045029.193002 seconds.
  path: Assets
  artifactKey: Guid(00000000000000001000000000000000) Importer(815301076,1909f56bfc062723c751e8b465ee728b)
Start importing Assets using Guid(00000000000000001000000000000000) Importer(815301076,1909f56bfc062723c751e8b465ee728b)  -> (artifact id: '79842766b460edbeab6a34051e857a80') in 0.036717 seconds 
========================================================================
Received Import Request.
  Time since last request: 0.000046 seconds.
  path: Packages/com.unity.ide.vscode
  artifactKey: Guid(1c61a04a5b7737c4d16673d64be4194e) Importer(815301076,1909f56bfc062723c751e8b465ee728b)
Start importing Packages/com.unity.ide.vscode using Guid(1c61a04a5b7737c4d16673d64be4194e) Importer(815301076,1909f56bfc062723c751e8b465ee728b)  -> (artifact id: 'e94248d05651707ad8c86b4532d5ae2b') in 0.017347 seconds 
========================================================================
Received Import Request.
  Time since last request: 0.000060 seconds.
  path: Packages/com.unity.ugui
  artifactKey: Guid(8f7652e09069a1943278893d4264401e) Importer(815301076,1909f56bfc062723c751e8b465ee728b)
Start importing Packages/com.unity.ugui using Guid(8f7652e09069a1943278893d4264401e) Importer(815301076,1909f56bfc062723c751e8b465ee728b)  -> (artifact id: 'b90b7ea2c5e18fe74b2f7cbcc23cfd5d') in 0.033841 seconds 
========================================================================
Received Import Request.
  Time since last request: 0.000036 seconds.
  path: Packages/com.unity.2d.pixel-perfect
  artifactKey: Guid(915dabe870142d4eb34a5dbf62d6df68) Importer(815301076,1909f56bfc062723c751e8b465ee728b)
Start importing Packages/com.unity.2d.pixel-perfect using Guid(915dabe870142d4eb34a5dbf62d6df68) Importer(815301076,1909f56bfc062723c751e8b465ee728b)  -> (artifact id: 'c2d7d1dff75c218d0e33b7ddca8105ed') in 0.016090 seconds 
========================================================================
Received Import Request.
  Time since last request: 0.000040 seconds.
  path: Packages/com.unity.2d.psdimporter
  artifactKey: Guid(89fcc900e56380574db74dc98ed08bf1) Importer(815301076,1909f56bfc062723c751e8b465ee728b)
Start importing Packages/com.unity.2d.psdimporter using Guid(89fcc900e56380574db74dc98ed08bf1) Importer(815301076,1909f56bfc062723c751e8b465ee728b)  -> (artifact id: 'b067c06cca090658ca601b5049bf599f') in 0.016325 seconds 
========================================================================
Received Import Request.
  Time since last request: 0.000052 seconds.
  path: Packages/com.unity.2d.sprite
  artifactKey: Guid(0901a6b758d060e9422c4f8d588d5895) Importer(815301076,1909f56bfc062723c751e8b465ee728b)
Start importing Packages/com.unity.2d.sprite using Guid(0901a6b758d060e9422c4f8d588d5895) Importer(815301076,1909f56bfc062723c751e8b465ee728b)  -> (artifact id: '2214c561e54f21afc32773d6d2893b48') in 0.014009 seconds 
========================================================================
Received Import Request.
  Time since last request: 0.000045 seconds.
  path: Packages/com.unity.2d.common
  artifactKey: Guid(a5dcdac2498697dc1122d527a3e49621) Importer(815301076,1909f56bfc062723c751e8b465ee728b)
Start importing Packages/com.unity.2d.common using Guid(a5dcdac2498697dc1122d527a3e49621) Importer(815301076,1909f56bfc062723c751e8b465ee728b)  -> (artifact id: '8229c4db84b66b97a0e3f4ee4e27ddf5') in 0.014683 seconds 
========================================================================
Received Import Request.
  Time since last request: 0.000044 seconds.
  path: Packages/com.unity.2d.spriteshape
  artifactKey: Guid(9f9e809966b8f16f626c5fa29105d97a) Importer(815301076,1909f56bfc062723c751e8b465ee728b)
Start importing Packages/com.unity.2d.spriteshape using Guid(9f9e809966b8f16f626c5fa29105d97a) Importer(815301076,1909f56bfc062723c751e8b465ee728b)  -> (artifact id: '9b9c62d648a762caeef3f3e4064e078a') in 0.021843 seconds 
========================================================================
Received Import Request.
  Time since last request: 0.000042 seconds.
  path: Packages/com.unity.2d.path
  artifactKey: Guid(b408cb5710d3960a737996681ad0c300) Importer(815301076,1909f56bfc062723c751e8b465ee728b)
Start importing Packages/com.unity.2d.path using Guid(b408cb5710d3960a737996681ad0c300) Importer(815301076,1909f56bfc062723c751e8b465ee728b)  -> (artifact id: '5762a0cea76d48a7b0e0a05df9e8765c') in 0.013797 seconds 
========================================================================
Received Import Request.
  Time since last request: 0.000053 seconds.
  path: Packages/com.unity.timeline
  artifactKey: Guid(a4610cf559d77b9f256416d9ccaeac55) Importer(815301076,1909f56bfc062723c751e8b465ee728b)
Start importing Packages/com.unity.timeline using Guid(a4610cf559d77b9f256416d9ccaeac55) Importer(815301076,1909f56bfc062723c751e8b465ee728b)  -> (artifact id: '3be45df041d1e7c843b5ce010cfbbe2c') in 0.015782 seconds 
========================================================================
Received Import Request.
  Time since last request: 1.695878 seconds.
  path: Assets/CharacterController2D.cs
  artifactKey: Guid(023e1facf6b1b844e81543dbf3b32f81) Importer(815301076,1909f56bfc062723c751e8b465ee728b)
Start importing Assets/CharacterController2D.cs using Guid(023e1facf6b1b844e81543dbf3b32f81) Importer(815301076,1909f56bfc062723c751e8b465ee728b)  -> (artifact id: 'c1f710ea54909a6a297fa21be3353949') in 0.791533 seconds 
========================================================================
Received Prepare
Registering precompiled user dll's ...
Registered in 0.017317 seconds.
Begin MonoManager ReloadAssembly
Symbol file LoadedFromMemory doesn't match image C:\Users\grim6\Documents\GitHub\GameEx\My project (1)\Library\PackageCache\com.unity.visualscripting@1.7.6\Editor\VisualScripting.Core\Dependencies\YamlDotNet\Unity.VisualScripting.YamlDotNet.dll
Symbol file LoadedFromMemory doesn't match image C:\Users\grim6\Documents\GitHub\GameEx\My project (1)\Library\PackageCache\com.unity.visualscripting@1.7.6\Editor\VisualScripting.Core\Dependencies\DotNetZip\Unity.VisualScripting.IonicZip.dll
Native extension for WindowsStandalone target not found
Refreshing native plugins compatible for Editor in 1.59 ms, found 4 plugins.
Preloading 0 native plugins for Editor in 0.00 ms.
Mono: successfully reloaded assembly
- Completed reload, in  2.069 seconds
Domain Reload Profiling:
	ReloadAssembly (2071ms)
		BeginReloadAssembly (346ms)
			ExecutionOrderSort (0ms)
			DisableScriptedObjects (28ms)
			BackupInstance (0ms)
			ReleaseScriptingObjects (0ms)
			CreateAndSetChildDomain (98ms)
		EndReloadAssembly (1544ms)
			LoadAssemblies (198ms)
			RebuildTransferFunctionScriptingTraits (0ms)
			SetupTypeCache (403ms)
			ReleaseScriptCaches (2ms)
			RebuildScriptCaches (79ms)
			SetupLoadedEditorAssemblies (819ms)
				LogAssemblyErrors (0ms)
				InitializePlatformSupportModulesInManaged (25ms)
				SetLoadedEditorAssemblies (1ms)
				RefreshPlugins (2ms)
				BeforeProcessingInitializeOnLoad (140ms)
				ProcessInitializeOnLoadAttributes (495ms)
				ProcessInitializeOnLoadMethodAttributes (135ms)
				AfterProcessingInitializeOnLoad (20ms)
				EditorAssembliesLoaded (0ms)
			ExecutionOrderSort2 (0ms)
			AwakeInstancesAfterBackupRestoration (18ms)
Platform modules already initialized, skipping
Refreshing native plugins compatible for Editor in 4.11 ms, found 4 plugins.
Preloading 0 native plugins for Editor in 0.00 ms.
Unloading 4044 Unused Serialized files (Serialized files now loaded: 0)
Unloading 30 unused Assets / (192.4 KB). Loaded Objects now: 4502.
Memory consumption went from 150.6 MB to 150.4 MB.
Total: 4.944600 ms (FindLiveObjects: 0.456500 ms CreateObjectMapping: 0.131400 ms MarkObjects: 4.150900 ms  DeleteObjects: 0.204100 ms)

AssetImportParameters requested are different than current active one (requested -> active):
  custom:video-decoder-ogg-theora: a1e56fd34408186e4bbccfd4996cb3dc -> 
  custom:container-muxer-webm: aa71ff27fc2769a1b78a27578f13a17b -> 
  custom:container-demuxer-webm: 4f35f7cbe854078d1ac9338744f61a02 -> 
  custom:video-encoder-webm-vp8: eb34c28f22e8b96e1ab97ce403110664 -> 
  custom:audio-encoder-webm-vorbis: bf7c407c2cedff20999df2af8eb42d56 -> 
  custom:framework-win-MediaFoundation: 216162199b28c13a410421893ffa2e32 -> 
  custom:container-demuxer-ogg: 62fdf1f143b41e24485cea50d1cbac27 -> 
  custom:video-decoder-webm-vp8: 9c59270c3fd7afecdb556c50c9e8de78 -> 
  custom:audio-decoder-ogg-vorbis: bf7c407c2cedff20999df2af8eb42d56 -> 
========================================================================
Received Import Request.
  Time since last request: 753.361879 seconds.
  path: Assets/CharacterController2D.cs
  artifactKey: Guid(023e1facf6b1b844e81543dbf3b32f81) Importer(815301076,1909f56bfc062723c751e8b465ee728b)
Start importing Assets/CharacterController2D.cs using Guid(023e1facf6b1b844e81543dbf3b32f81) Importer(815301076,1909f56bfc062723c751e8b465ee728b)  -> (artifact id: 'e6ba1e63354a8a124beb182827334088') in 0.019258 seconds 
========================================================================
Received Prepare
Registering precompiled user dll's ...
Registered in 0.018825 seconds.
Begin MonoManager ReloadAssembly
Symbol file LoadedFromMemory doesn't match image C:\Users\grim6\Documents\GitHub\GameEx\My project (1)\Library\PackageCache\com.unity.visualscripting@1.7.6\Editor\VisualScripting.Core\Dependencies\YamlDotNet\Unity.VisualScripting.YamlDotNet.dll
Symbol file LoadedFromMemory doesn't match image C:\Users\grim6\Documents\GitHub\GameEx\My project (1)\Library\PackageCache\com.unity.visualscripting@1.7.6\Editor\VisualScripting.Core\Dependencies\DotNetZip\Unity.VisualScripting.IonicZip.dll
Native extension for WindowsStandalone target not found
Refreshing native plugins compatible for Editor in 1.63 ms, found 4 plugins.
Preloading 0 native plugins for Editor in 0.00 ms.
Mono: successfully reloaded assembly
- Completed reload, in  1.732 seconds
Domain Reload Profiling:
	ReloadAssembly (1733ms)
		BeginReloadAssembly (211ms)
			ExecutionOrderSort (0ms)
			DisableScriptedObjects (12ms)
			BackupInstance (0ms)
			ReleaseScriptingObjects (0ms)
			CreateAndSetChildDomain (54ms)
		EndReloadAssembly (1347ms)
			LoadAssemblies (156ms)
			RebuildTransferFunctionScriptingTraits (0ms)
			SetupTypeCache (381ms)
			ReleaseScriptCaches (2ms)
			RebuildScriptCaches (72ms)
			SetupLoadedEditorAssemblies (646ms)
				LogAssemblyErrors (0ms)
				InitializePlatformSupportModulesInManaged (27ms)
				SetLoadedEditorAssemblies (1ms)
				RefreshPlugins (2ms)
				BeforeProcessingInitializeOnLoad (145ms)
				ProcessInitializeOnLoadAttributes (389ms)
				ProcessInitializeOnLoadMethodAttributes (64ms)
				AfterProcessingInitializeOnLoad (18ms)
				EditorAssembliesLoaded (0ms)
			ExecutionOrderSort2 (0ms)
			AwakeInstancesAfterBackupRestoration (18ms)
Platform modules already initialized, skipping
Refreshing native plugins compatible for Editor in 5.63 ms, found 4 plugins.
Preloading 0 native plugins for Editor in 0.00 ms.
Unloading 4044 Unused Serialized files (Serialized files now loaded: 0)
Unloading 30 unused Assets / (192.3 KB). Loaded Objects now: 4505.
Memory consumption went from 150.6 MB to 150.4 MB.
Total: 22.865900 ms (FindLiveObjects: 0.534700 ms CreateObjectMapping: 0.243900 ms MarkObjects: 21.851100 ms  DeleteObjects: 0.233700 ms)

AssetImportParameters requested are different than current active one (requested -> active):
  custom:video-decoder-ogg-theora: a1e56fd34408186e4bbccfd4996cb3dc -> 
  custom:container-muxer-webm: aa71ff27fc2769a1b78a27578f13a17b -> 
  custom:container-demuxer-webm: 4f35f7cbe854078d1ac9338744f61a02 -> 
  custom:video-encoder-webm-vp8: eb34c28f22e8b96e1ab97ce403110664 -> 
  custom:audio-encoder-webm-vorbis: bf7c407c2cedff20999df2af8eb42d56 -> 
  custom:framework-win-MediaFoundation: 216162199b28c13a410421893ffa2e32 -> 
  custom:container-demuxer-ogg: 62fdf1f143b41e24485cea50d1cbac27 -> 
  custom:video-decoder-webm-vp8: 9c59270c3fd7afecdb556c50c9e8de78 -> 
  custom:audio-decoder-ogg-vorbis: bf7c407c2cedff20999df2af8eb42d56 -> 
========================================================================
Received Import Request.
  Time since last request: 221.573032 seconds.
  path: Assets/shovel-knight-pixel-art-maker-302729.png
  artifactKey: Guid(370357726256c64438e6d7e2938f6967) Importer(815301076,1909f56bfc062723c751e8b465ee728b)
Start importing Assets/shovel-knight-pixel-art-maker-302729.png using Guid(370357726256c64438e6d7e2938f6967) Importer(815301076,1909f56bfc062723c751e8b465ee728b)  -> (artifact id: '5df017c5ba8ead2fb74faf3bb8f93c94') in 0.733525 seconds 
========================================================================
Received Import Request.
  Time since last request: 47.648288 seconds.
  path: Assets/shovel-knight-pixel-art-maker-302729.png
  artifactKey: Guid(370357726256c64438e6d7e2938f6967) Importer(815301076,1909f56bfc062723c751e8b465ee728b)
Start importing Assets/shovel-knight-pixel-art-maker-302729.png using Guid(370357726256c64438e6d7e2938f6967) Importer(815301076,1909f56bfc062723c751e8b465ee728b)  -> (artifact id: '40f7cb5c96300542325ec1be227d9a95') in 0.051426 seconds 
========================================================================
Received Import Request.
  Time since last request: 7.161177 seconds.
  path: Assets/shovel-knight-pixel-art-maker-302729.png
  artifactKey: Guid(370357726256c64438e6d7e2938f6967) Importer(815301076,1909f56bfc062723c751e8b465ee728b)
Start importing Assets/shovel-knight-pixel-art-maker-302729.png using Guid(370357726256c64438e6d7e2938f6967) Importer(815301076,1909f56bfc062723c751e8b465ee728b)  -> (artifact id: '80af682d169267f567383f9cdb2584c3') in 0.047376 seconds 
========================================================================
Received Import Request.
  Time since last request: 111.445420 seconds.
  path: Assets/shovel-knight-pixel-art-maker-302729.png
  artifactKey: Guid(370357726256c64438e6d7e2938f6967) Importer(815301076,1909f56bfc062723c751e8b465ee728b)
Start importing Assets/shovel-knight-pixel-art-maker-302729.png using Guid(370357726256c64438e6d7e2938f6967) Importer(815301076,1909f56bfc062723c751e8b465ee728b)  -> (artifact id: '750ec352dda79139bdc8bb776beabc18') in 0.052166 seconds 
========================================================================
Received Import Request.
  Time since last request: 212.150408 seconds.
  path: Assets/shovel-knight-pixel-art-maker-302729.png
  artifactKey: Guid(370357726256c64438e6d7e2938f6967) Importer(815301076,1909f56bfc062723c751e8b465ee728b)
Start importing Assets/shovel-knight-pixel-art-maker-302729.png using Guid(370357726256c64438e6d7e2938f6967) Importer(815301076,1909f56bfc062723c751e8b465ee728b)  -> (artifact id: 'b3d9c474911282d9ffa41dd02ae37bde') in 0.066906 seconds 
========================================================================
Received Import Request.
  Time since last request: 38.364759 seconds.
  path: Assets/shovel-knight-pixel-art-maker-302729.png
  artifactKey: Guid(370357726256c64438e6d7e2938f6967) Importer(815301076,1909f56bfc062723c751e8b465ee728b)
Start importing Assets/shovel-knight-pixel-art-maker-302729.png using Guid(370357726256c64438e6d7e2938f6967) Importer(815301076,1909f56bfc062723c751e8b465ee728b)  -> (artifact id: '1707a3e96b635cd836dd0f701d313319') in 0.074549 seconds 
========================================================================
Received Prepare
Registering precompiled user dll's ...
Registered in 0.017113 seconds.
Begin MonoManager ReloadAssembly
Symbol file LoadedFromMemory doesn't match image C:\Users\grim6\Documents\GitHub\GameEx\My project (1)\Library\PackageCache\com.unity.visualscripting@1.7.6\Editor\VisualScripting.Core\Dependencies\YamlDotNet\Unity.VisualScripting.YamlDotNet.dll
Symbol file LoadedFromMemory doesn't match image C:\Users\grim6\Documents\GitHub\GameEx\My project (1)\Library\PackageCache\com.unity.visualscripting@1.7.6\Editor\VisualScripting.Core\Dependencies\DotNetZip\Unity.VisualScripting.IonicZip.dll
Native extension for WindowsStandalone target not found
Refreshing native plugins compatible for Editor in 2.31 ms, found 4 plugins.
Preloading 0 native plugins for Editor in 0.00 ms.
Mono: successfully reloaded assembly
- Completed reload, in  2.800 seconds
Domain Reload Profiling:
	ReloadAssembly (2802ms)
		BeginReloadAssembly (236ms)
			ExecutionOrderSort (0ms)
			DisableScriptedObjects (15ms)
			BackupInstance (0ms)
			ReleaseScriptingObjects (0ms)
			CreateAndSetChildDomain (63ms)
		EndReloadAssembly (2370ms)
			LoadAssemblies (170ms)
			RebuildTransferFunctionScriptingTraits (0ms)
			SetupTypeCache (510ms)
			ReleaseScriptCaches (3ms)
			RebuildScriptCaches (160ms)
			SetupLoadedEditorAssemblies (1307ms)
				LogAssemblyErrors (0ms)
				InitializePlatformSupportModulesInManaged (48ms)
				SetLoadedEditorAssemblies (1ms)
				RefreshPlugins (3ms)
				BeforeProcessingInitializeOnLoad (346ms)
				ProcessInitializeOnLoadAttributes (666ms)
				ProcessInitializeOnLoadMethodAttributes (199ms)
				AfterProcessingInitializeOnLoad (45ms)
				EditorAssembliesLoaded (0ms)
			ExecutionOrderSort2 (0ms)
			AwakeInstancesAfterBackupRestoration (39ms)
Platform modules already initialized, skipping
Refreshing native plugins compatible for Editor in 7.55 ms, found 4 plugins.
Preloading 0 native plugins for Editor in 0.00 ms.
Unloading 4044 Unused Serialized files (Serialized files now loaded: 0)
Unloading 30 unused Assets / (192.2 KB). Loaded Objects now: 4514.
Memory consumption went from 155.0 MB to 154.8 MB.
Total: 10.178200 ms (FindLiveObjects: 0.760400 ms CreateObjectMapping: 0.435200 ms MarkObjects: 8.499900 ms  DeleteObjects: 0.478900 ms)

AssetImportParameters requested are different than current active one (requested -> active):
  custom:video-decoder-ogg-theora: a1e56fd34408186e4bbccfd4996cb3dc -> 
  custom:container-muxer-webm: aa71ff27fc2769a1b78a27578f13a17b -> 
  custom:container-demuxer-webm: 4f35f7cbe854078d1ac9338744f61a02 -> 
  custom:video-encoder-webm-vp8: eb34c28f22e8b96e1ab97ce403110664 -> 
  custom:audio-encoder-webm-vorbis: bf7c407c2cedff20999df2af8eb42d56 -> 
  custom:framework-win-MediaFoundation: 216162199b28c13a410421893ffa2e32 -> 
  custom:container-demuxer-ogg: 62fdf1f143b41e24485cea50d1cbac27 -> 
  custom:video-decoder-webm-vp8: 9c59270c3fd7afecdb556c50c9e8de78 -> 
  custom:audio-decoder-ogg-vorbis: bf7c407c2cedff20999df2af8eb42d56 -> 
