Using pre-set license
Built from '2021.3/staging' branch; Version is '2021.3.2f1 (d6360bedb9a0) revision 14038539'; Using compiler version '192829333'; Build Type 'Release'
OS: 'Windows 10  (10.0.19043) 64bit Core' Language: 'en' Physical Memory: 7102 MB
BatchMode: 1, IsHumanControllingUs: 0, StartBugReporterOnCrash: 0, Is64bit: 1, IsPro: 1

COMMAND LINE ARGUMENTS:
C:\Program Files\Unity\Hub\Editor\2021.3.2f1\Editor\Unity.exe
-adb2
-batchMode
-noUpm
-name
AssetImportWorker2
-projectPath
C:/Users/grim6/Documents/GitHub/GameEx/Rogue Lite Game
-logFile
Logs/AssetImportWorker2.log
-srvPort
51115
Successfully changed project path to: C:/Users/grim6/Documents/GitHub/GameEx/Rogue Lite Game
C:/Users/grim6/Documents/GitHub/GameEx/Rogue Lite Game
[UnityMemory] Configuration Parameters - Can be set up in boot.config
    "memorysetup-bucket-allocator-granularity=16"
    "memorysetup-bucket-allocator-bucket-count=8"
    "memorysetup-bucket-allocator-block-size=33554432"
    "memorysetup-bucket-allocator-block-count=8"
    "memorysetup-main-allocator-block-size=16777216"
    "memorysetup-thread-allocator-block-size=16777216"
    "memorysetup-gfx-main-allocator-block-size=16777216"
    "memorysetup-gfx-thread-allocator-block-size=16777216"
    "memorysetup-cache-allocator-block-size=4194304"
    "memorysetup-typetree-allocator-block-size=2097152"
    "memorysetup-profiler-bucket-allocator-granularity=16"
    "memorysetup-profiler-bucket-allocator-bucket-count=8"
    "memorysetup-profiler-bucket-allocator-block-size=33554432"
    "memorysetup-profiler-bucket-allocator-block-count=8"
    "memorysetup-profiler-allocator-block-size=16777216"
    "memorysetup-profiler-editor-allocator-block-size=1048576"
    "memorysetup-temp-allocator-size-main=16777216"
    "memorysetup-job-temp-allocator-block-size=2097152"
    "memorysetup-job-temp-allocator-block-size-background=1048576"
    "memorysetup-job-temp-allocator-reduction-small-platforms=262144"
    "memorysetup-temp-allocator-size-background-worker=32768"
    "memorysetup-temp-allocator-size-job-worker=262144"
    "memorysetup-temp-allocator-size-preload-manager=33554432"
    "memorysetup-temp-allocator-size-nav-mesh-worker=65536"
    "memorysetup-temp-allocator-size-audio-worker=65536"
    "memorysetup-temp-allocator-size-cloud-worker=32768"
    "memorysetup-temp-allocator-size-gi-baking-worker=262144"
    "memorysetup-temp-allocator-size-gfx=262144"
Refreshing native plugins compatible for Editor in 215.76 ms, found 4 plugins.
Preloading 0 native plugins for Editor in 0.00 ms.
Initialize engine version: 2021.3.2f1 (d6360bedb9a0)
[Subsystems] Discovering subsystems at path C:/Program Files/Unity/Hub/Editor/2021.3.2f1/Editor/Data/Resources/UnitySubsystems
[Subsystems] Discovering subsystems at path C:/Users/grim6/Documents/GitHub/GameEx/Rogue Lite Game/Assets
GfxDevice: creating device client; threaded=0; jobified=0
Direct3D:
    Version:  Direct3D 11.0 [level 11.1]
    Renderer: AMD Radeon(TM) Vega 3 Graphics (ID=0x15dd)
    Vendor:   ATI
    VRAM:     3551 MB
    Driver:   26.20.14042.2
Initialize mono
Mono path[0] = 'C:/Program Files/Unity/Hub/Editor/2021.3.2f1/Editor/Data/Managed'
Mono path[1] = 'C:/Program Files/Unity/Hub/Editor/2021.3.2f1/Editor/Data/MonoBleedingEdge/lib/mono/unityjit-win32'
Mono config path = 'C:/Program Files/Unity/Hub/Editor/2021.3.2f1/Editor/Data/MonoBleedingEdge/etc'
Using monoOptions --debugger-agent=transport=dt_socket,embedding=1,server=y,suspend=n,address=127.0.0.1:56440
Begin MonoManager ReloadAssembly
Registering precompiled unity dll's ...
Register platform support module: C:/Program Files/Unity/Hub/Editor/2021.3.2f1/Editor/Data/PlaybackEngines/WindowsStandaloneSupport/UnityEditor.WindowsStandalone.Extensions.dll
Registered in 0.015249 seconds.
Native extension for WindowsStandalone target not found
Refreshing native plugins compatible for Editor in 141.92 ms, found 4 plugins.
Preloading 0 native plugins for Editor in 0.00 ms.
Mono: successfully reloaded assembly
- Completed reload, in  1.280 seconds
Domain Reload Profiling:
	ReloadAssembly (1282ms)
		BeginReloadAssembly (131ms)
			ExecutionOrderSort (0ms)
			DisableScriptedObjects (0ms)
			BackupInstance (0ms)
			ReleaseScriptingObjects (0ms)
			CreateAndSetChildDomain (1ms)
		EndReloadAssembly (918ms)
			LoadAssemblies (126ms)
			RebuildTransferFunctionScriptingTraits (0ms)
			SetupTypeCache (166ms)
			ReleaseScriptCaches (0ms)
			RebuildScriptCaches (43ms)
			SetupLoadedEditorAssemblies (613ms)
				LogAssemblyErrors (0ms)
				InitializePlatformSupportModulesInManaged (14ms)
				SetLoadedEditorAssemblies (0ms)
				RefreshPlugins (142ms)
				BeforeProcessingInitializeOnLoad (3ms)
				ProcessInitializeOnLoadAttributes (323ms)
				ProcessInitializeOnLoadMethodAttributes (130ms)
				AfterProcessingInitializeOnLoad (0ms)
				EditorAssembliesLoaded (0ms)
			ExecutionOrderSort2 (0ms)
			AwakeInstancesAfterBackupRestoration (0ms)
Platform modules already initialized, skipping
Registering precompiled user dll's ...
Registered in 0.031521 seconds.
Begin MonoManager ReloadAssembly
Symbol file LoadedFromMemory doesn't match image C:\Users\grim6\Documents\GitHub\GameEx\Rogue Lite Game\Library\PackageCache\com.unity.visualscripting@1.7.6\Editor\VisualScripting.Core\Dependencies\YamlDotNet\Unity.VisualScripting.YamlDotNet.dll
Symbol file LoadedFromMemory doesn't match image C:\Users\grim6\Documents\GitHub\GameEx\Rogue Lite Game\Library\PackageCache\com.unity.visualscripting@1.7.6\Editor\VisualScripting.Core\Dependencies\DotNetZip\Unity.VisualScripting.IonicZip.dll
Native extension for WindowsStandalone target not found
Refreshing native plugins compatible for Editor in 135.65 ms, found 4 plugins.
Preloading 0 native plugins for Editor in 0.00 ms.
Mono: successfully reloaded assembly
- Completed reload, in  5.588 seconds
Domain Reload Profiling:
	ReloadAssembly (5590ms)
		BeginReloadAssembly (182ms)
			ExecutionOrderSort (0ms)
			DisableScriptedObjects (9ms)
			BackupInstance (0ms)
			ReleaseScriptingObjects (0ms)
			CreateAndSetChildDomain (29ms)
		EndReloadAssembly (4985ms)
			LoadAssemblies (3354ms)
			RebuildTransferFunctionScriptingTraits (0ms)
			SetupTypeCache (459ms)
			ReleaseScriptCaches (1ms)
			RebuildScriptCaches (93ms)
			SetupLoadedEditorAssemblies (982ms)
				LogAssemblyErrors (0ms)
				InitializePlatformSupportModulesInManaged (8ms)
				SetLoadedEditorAssemblies (0ms)
				RefreshPlugins (136ms)
				BeforeProcessingInitializeOnLoad (181ms)
				ProcessInitializeOnLoadAttributes (561ms)
				ProcessInitializeOnLoadMethodAttributes (78ms)
				AfterProcessingInitializeOnLoad (18ms)
				EditorAssembliesLoaded (0ms)
			ExecutionOrderSort2 (0ms)
			AwakeInstancesAfterBackupRestoration (15ms)
Platform modules already initialized, skipping
========================================================================
Worker process is ready to serve import requests
Launched and connected shader compiler UnityShaderCompiler.exe after 0.99 seconds
Refreshing native plugins compatible for Editor in 1.64 ms, found 4 plugins.
Preloading 0 native plugins for Editor in 0.00 ms.
Unloading 4049 Unused Serialized files (Serialized files now loaded: 0)
Unloading 37 unused Assets / (55.6 KB). Loaded Objects now: 4505.
Memory consumption went from 150.6 MB to 150.6 MB.
Total: 10.241300 ms (FindLiveObjects: 0.563000 ms CreateObjectMapping: 0.206400 ms MarkObjects: 9.151600 ms  DeleteObjects: 0.318400 ms)

AssetImportParameters requested are different than current active one (requested -> active):
  custom:video-decoder-ogg-theora: a1e56fd34408186e4bbccfd4996cb3dc -> 
  custom:container-muxer-webm: aa71ff27fc2769a1b78a27578f13a17b -> 
  custom:container-demuxer-webm: 4f35f7cbe854078d1ac9338744f61a02 -> 
  custom:video-encoder-webm-vp8: eb34c28f22e8b96e1ab97ce403110664 -> 
  custom:audio-encoder-webm-vorbis: bf7c407c2cedff20999df2af8eb42d56 -> 
  custom:framework-win-MediaFoundation: 216162199b28c13a410421893ffa2e32 -> 
  custom:container-demuxer-ogg: 62fdf1f143b41e24485cea50d1cbac27 -> 
  custom:video-decoder-webm-vp8: 9c59270c3fd7afecdb556c50c9e8de78 -> 
  custom:audio-decoder-ogg-vorbis: bf7c407c2cedff20999df2af8eb42d56 -> 
========================================================================
Received Import Request.
  Time since last request: 6110020.360316 seconds.
  path: Assets/shovel-knight-pixel-art-maker-302729.png
  artifactKey: Guid(370357726256c64438e6d7e2938f6967) Importer(815301076,1909f56bfc062723c751e8b465ee728b)
Start importing Assets/shovel-knight-pixel-art-maker-302729.png using Guid(370357726256c64438e6d7e2938f6967) Importer(815301076,1909f56bfc062723c751e8b465ee728b)  -> (artifact id: 'f66dd7e6a8cce41f7ca423a8f144be73') in 1.549528 seconds 
========================================================================
Received Import Request.
  Time since last request: 1217.685343 seconds.
  path: Assets/Gaming.unity
  artifactKey: Guid(4f23312985ebd9c4ead164c2d3c4fc9a) Importer(815301076,1909f56bfc062723c751e8b465ee728b)
Start importing Assets/Gaming.unity using Guid(4f23312985ebd9c4ead164c2d3c4fc9a) Importer(815301076,1909f56bfc062723c751e8b465ee728b)  -> (artifact id: 'd0486d08946ebb7ed9e0fd332aa30ffb') in 0.016611 seconds 
========================================================================
Received Prepare
Registering precompiled user dll's ...
Registered in 0.015623 seconds.
Begin MonoManager ReloadAssembly
Symbol file LoadedFromMemory doesn't match image C:\Users\grim6\Documents\GitHub\GameEx\Rogue Lite Game\Library\PackageCache\com.unity.visualscripting@1.7.6\Editor\VisualScripting.Core\Dependencies\YamlDotNet\Unity.VisualScripting.YamlDotNet.dll
Symbol file LoadedFromMemory doesn't match image C:\Users\grim6\Documents\GitHub\GameEx\Rogue Lite Game\Library\PackageCache\com.unity.visualscripting@1.7.6\Editor\VisualScripting.Core\Dependencies\DotNetZip\Unity.VisualScripting.IonicZip.dll
Native extension for WindowsStandalone target not found
Refreshing native plugins compatible for Editor in 2.00 ms, found 4 plugins.
Preloading 0 native plugins for Editor in 0.00 ms.
Mono: successfully reloaded assembly
- Completed reload, in  3.315 seconds
Domain Reload Profiling:
	ReloadAssembly (3316ms)
		BeginReloadAssembly (368ms)
			ExecutionOrderSort (0ms)
			DisableScriptedObjects (30ms)
			BackupInstance (0ms)
			ReleaseScriptingObjects (0ms)
			CreateAndSetChildDomain (100ms)
		EndReloadAssembly (2616ms)
			LoadAssemblies (264ms)
			RebuildTransferFunctionScriptingTraits (0ms)
			SetupTypeCache (797ms)
			ReleaseScriptCaches (3ms)
			RebuildScriptCaches (121ms)
			SetupLoadedEditorAssemblies (1179ms)
				LogAssemblyErrors (0ms)
				InitializePlatformSupportModulesInManaged (53ms)
				SetLoadedEditorAssemblies (1ms)
				RefreshPlugins (2ms)
				BeforeProcessingInitializeOnLoad (217ms)
				ProcessInitializeOnLoadAttributes (761ms)
				ProcessInitializeOnLoadMethodAttributes (113ms)
				AfterProcessingInitializeOnLoad (31ms)
				EditorAssembliesLoaded (0ms)
			ExecutionOrderSort2 (0ms)
			AwakeInstancesAfterBackupRestoration (36ms)
Platform modules already initialized, skipping
Refreshing native plugins compatible for Editor in 27.86 ms, found 4 plugins.
Preloading 0 native plugins for Editor in 0.00 ms.
Unloading 4038 Unused Serialized files (Serialized files now loaded: 0)
Unloading 24 unused Assets / (24.7 KB). Loaded Objects now: 4514.
Memory consumption went from 154.4 MB to 154.3 MB.
Total: 11.912200 ms (FindLiveObjects: 0.569100 ms CreateObjectMapping: 0.321800 ms MarkObjects: 10.973100 ms  DeleteObjects: 0.045400 ms)

AssetImportParameters requested are different than current active one (requested -> active):
  custom:video-decoder-ogg-theora: a1e56fd34408186e4bbccfd4996cb3dc -> 
  custom:container-muxer-webm: aa71ff27fc2769a1b78a27578f13a17b -> 
  custom:container-demuxer-webm: 4f35f7cbe854078d1ac9338744f61a02 -> 
  custom:video-encoder-webm-vp8: eb34c28f22e8b96e1ab97ce403110664 -> 
  custom:audio-encoder-webm-vorbis: bf7c407c2cedff20999df2af8eb42d56 -> 
  custom:framework-win-MediaFoundation: 216162199b28c13a410421893ffa2e32 -> 
  custom:container-demuxer-ogg: 62fdf1f143b41e24485cea50d1cbac27 -> 
  custom:video-decoder-webm-vp8: 9c59270c3fd7afecdb556c50c9e8de78 -> 
  custom:audio-decoder-ogg-vorbis: bf7c407c2cedff20999df2af8eb42d56 -> 
========================================================================
Received Import Request.
  Time since last request: 181.317415 seconds.
  path: Assets/Scenes
  artifactKey: Guid(131a6b21c8605f84396be9f6751fb6e3) Importer(815301076,1909f56bfc062723c751e8b465ee728b)
Start importing Assets/Scenes using Guid(131a6b21c8605f84396be9f6751fb6e3) Importer(815301076,1909f56bfc062723c751e8b465ee728b)  -> (artifact id: '4935f35005d3ccd51bf39964504ff1b7') in 0.022757 seconds 
========================================================================
Received Import Request.
  Time since last request: 2.381720 seconds.
  path: Assets/Scenes/SampleScene.unity
  artifactKey: Guid(2cda990e2423bbf4892e6590ba056729) Importer(815301076,1909f56bfc062723c751e8b465ee728b)
Start importing Assets/Scenes/SampleScene.unity using Guid(2cda990e2423bbf4892e6590ba056729) Importer(815301076,1909f56bfc062723c751e8b465ee728b)  -> (artifact id: 'ed1ec584b86adc936d786dcf072fa9c6') in 0.040492 seconds 
========================================================================
Received Import Request.
  Time since last request: 15.824763 seconds.
  path: Assets/Scenes/Gaming.unity
  artifactKey: Guid(4f23312985ebd9c4ead164c2d3c4fc9a) Importer(815301076,1909f56bfc062723c751e8b465ee728b)
Start importing Assets/Scenes/Gaming.unity using Guid(4f23312985ebd9c4ead164c2d3c4fc9a) Importer(815301076,1909f56bfc062723c751e8b465ee728b)  -> (artifact id: '209952f3dc1fbae2a2f0c403829c5bf4') in 0.031709 seconds 
========================================================================
Received Prepare
Registering precompiled user dll's ...
Registered in 0.015275 seconds.
Begin MonoManager ReloadAssembly
Symbol file LoadedFromMemory doesn't match image C:\Users\grim6\Documents\GitHub\GameEx\Rogue Lite Game\Library\PackageCache\com.unity.visualscripting@1.7.6\Editor\VisualScripting.Core\Dependencies\YamlDotNet\Unity.VisualScripting.YamlDotNet.dll
Symbol file LoadedFromMemory doesn't match image C:\Users\grim6\Documents\GitHub\GameEx\Rogue Lite Game\Library\PackageCache\com.unity.visualscripting@1.7.6\Editor\VisualScripting.Core\Dependencies\DotNetZip\Unity.VisualScripting.IonicZip.dll
Native extension for WindowsStandalone target not found
Refreshing native plugins compatible for Editor in 1.94 ms, found 4 plugins.
Preloading 0 native plugins for Editor in 0.00 ms.
Mono: successfully reloaded assembly
- Completed reload, in  3.881 seconds
Domain Reload Profiling:
	ReloadAssembly (3884ms)
		BeginReloadAssembly (430ms)
			ExecutionOrderSort (0ms)
			DisableScriptedObjects (28ms)
			BackupInstance (0ms)
			ReleaseScriptingObjects (0ms)
			CreateAndSetChildDomain (107ms)
		EndReloadAssembly (3112ms)
			LoadAssemblies (438ms)
			RebuildTransferFunctionScriptingTraits (0ms)
			SetupTypeCache (821ms)
			ReleaseScriptCaches (6ms)
			RebuildScriptCaches (209ms)
			SetupLoadedEditorAssemblies (1382ms)
				LogAssemblyErrors (0ms)
				InitializePlatformSupportModulesInManaged (39ms)
				SetLoadedEditorAssemblies (1ms)
				RefreshPlugins (2ms)
				BeforeProcessingInitializeOnLoad (292ms)
				ProcessInitializeOnLoadAttributes (875ms)
				ProcessInitializeOnLoadMethodAttributes (140ms)
				AfterProcessingInitializeOnLoad (32ms)
				EditorAssembliesLoaded (1ms)
			ExecutionOrderSort2 (0ms)
			AwakeInstancesAfterBackupRestoration (35ms)
Platform modules already initialized, skipping
Refreshing native plugins compatible for Editor in 8.86 ms, found 4 plugins.
Preloading 0 native plugins for Editor in 0.00 ms.
Unloading 4038 Unused Serialized files (Serialized files now loaded: 0)
Unloading 24 unused Assets / (24.7 KB). Loaded Objects now: 4517.
Memory consumption went from 154.4 MB to 154.3 MB.
Total: 8.754500 ms (FindLiveObjects: 0.466900 ms CreateObjectMapping: 0.452200 ms MarkObjects: 7.787100 ms  DeleteObjects: 0.046600 ms)

AssetImportParameters requested are different than current active one (requested -> active):
  custom:video-decoder-ogg-theora: a1e56fd34408186e4bbccfd4996cb3dc -> 
  custom:container-muxer-webm: aa71ff27fc2769a1b78a27578f13a17b -> 
  custom:container-demuxer-webm: 4f35f7cbe854078d1ac9338744f61a02 -> 
  custom:video-encoder-webm-vp8: eb34c28f22e8b96e1ab97ce403110664 -> 
  custom:audio-encoder-webm-vorbis: bf7c407c2cedff20999df2af8eb42d56 -> 
  custom:framework-win-MediaFoundation: 216162199b28c13a410421893ffa2e32 -> 
  custom:container-demuxer-ogg: 62fdf1f143b41e24485cea50d1cbac27 -> 
  custom:video-decoder-webm-vp8: 9c59270c3fd7afecdb556c50c9e8de78 -> 
  custom:audio-decoder-ogg-vorbis: bf7c407c2cedff20999df2af8eb42d56 -> 
========================================================================
Received Import Request.
  Time since last request: 1022.051329 seconds.
  path: Assets/Scenes/Gaming.unity
  artifactKey: Guid(4f23312985ebd9c4ead164c2d3c4fc9a) Importer(815301076,1909f56bfc062723c751e8b465ee728b)
Start importing Assets/Scenes/Gaming.unity using Guid(4f23312985ebd9c4ead164c2d3c4fc9a) Importer(815301076,1909f56bfc062723c751e8b465ee728b)  -> (artifact id: '0fb976bdbc90a98d28b03238b8b28d75') in 0.024293 seconds 
========================================================================
Received Prepare
Registering precompiled user dll's ...
Registered in 0.017108 seconds.
Begin MonoManager ReloadAssembly
Symbol file LoadedFromMemory doesn't match image C:\Users\grim6\Documents\GitHub\GameEx\Rogue Lite Game\Library\PackageCache\com.unity.visualscripting@1.7.6\Editor\VisualScripting.Core\Dependencies\YamlDotNet\Unity.VisualScripting.YamlDotNet.dll
Symbol file LoadedFromMemory doesn't match image C:\Users\grim6\Documents\GitHub\GameEx\Rogue Lite Game\Library\PackageCache\com.unity.visualscripting@1.7.6\Editor\VisualScripting.Core\Dependencies\DotNetZip\Unity.VisualScripting.IonicZip.dll
Native extension for WindowsStandalone target not found
Refreshing native plugins compatible for Editor in 1.67 ms, found 4 plugins.
Preloading 0 native plugins for Editor in 0.00 ms.
Mono: successfully reloaded assembly
- Completed reload, in  2.242 seconds
Domain Reload Profiling:
	ReloadAssembly (2243ms)
		BeginReloadAssembly (242ms)
			ExecutionOrderSort (0ms)
			DisableScriptedObjects (15ms)
			BackupInstance (0ms)
			ReleaseScriptingObjects (0ms)
			CreateAndSetChildDomain (57ms)
		EndReloadAssembly (1818ms)
			LoadAssemblies (173ms)
			RebuildTransferFunctionScriptingTraits (0ms)
			SetupTypeCache (472ms)
			ReleaseScriptCaches (3ms)
			RebuildScriptCaches (96ms)
			SetupLoadedEditorAssemblies (972ms)
				LogAssemblyErrors (0ms)
				InitializePlatformSupportModulesInManaged (71ms)
				SetLoadedEditorAssemblies (1ms)
				RefreshPlugins (2ms)
				BeforeProcessingInitializeOnLoad (151ms)
				ProcessInitializeOnLoadAttributes (656ms)
				ProcessInitializeOnLoadMethodAttributes (71ms)
				AfterProcessingInitializeOnLoad (19ms)
				EditorAssembliesLoaded (0ms)
			ExecutionOrderSort2 (0ms)
			AwakeInstancesAfterBackupRestoration (16ms)
Platform modules already initialized, skipping
Refreshing native plugins compatible for Editor in 4.85 ms, found 4 plugins.
Preloading 0 native plugins for Editor in 0.00 ms.
Unloading 4038 Unused Serialized files (Serialized files now loaded: 0)
Unloading 24 unused Assets / (24.7 KB). Loaded Objects now: 4520.
Memory consumption went from 154.4 MB to 154.3 MB.
Total: 5.666000 ms (FindLiveObjects: 0.519800 ms CreateObjectMapping: 0.161200 ms MarkObjects: 4.752600 ms  DeleteObjects: 0.230900 ms)

AssetImportParameters requested are different than current active one (requested -> active):
  custom:video-decoder-ogg-theora: a1e56fd34408186e4bbccfd4996cb3dc -> 
  custom:container-muxer-webm: aa71ff27fc2769a1b78a27578f13a17b -> 
  custom:container-demuxer-webm: 4f35f7cbe854078d1ac9338744f61a02 -> 
  custom:video-encoder-webm-vp8: eb34c28f22e8b96e1ab97ce403110664 -> 
  custom:audio-encoder-webm-vorbis: bf7c407c2cedff20999df2af8eb42d56 -> 
  custom:framework-win-MediaFoundation: 216162199b28c13a410421893ffa2e32 -> 
  custom:container-demuxer-ogg: 62fdf1f143b41e24485cea50d1cbac27 -> 
  custom:video-decoder-webm-vp8: 9c59270c3fd7afecdb556c50c9e8de78 -> 
  custom:audio-decoder-ogg-vorbis: bf7c407c2cedff20999df2af8eb42d56 -> 
========================================================================
Received Import Request.
  Time since last request: 159.126668 seconds.
  path: Assets/shovel-knight-pixel-art-maker-302729.png
  artifactKey: Guid(370357726256c64438e6d7e2938f6967) Importer(815301076,1909f56bfc062723c751e8b465ee728b)
Start importing Assets/shovel-knight-pixel-art-maker-302729.png using Guid(370357726256c64438e6d7e2938f6967) Importer(815301076,1909f56bfc062723c751e8b465ee728b)  -> (artifact id: 'b3d9c474911282d9ffa41dd02ae37bde') in 0.141003 seconds 
========================================================================
Received Import Request.
  Time since last request: 22.123865 seconds.
  path: Assets/shovel-knight-pixel-art-maker-302729.png
  artifactKey: Guid(370357726256c64438e6d7e2938f6967) Importer(815301076,1909f56bfc062723c751e8b465ee728b)
Start importing Assets/shovel-knight-pixel-art-maker-302729.png using Guid(370357726256c64438e6d7e2938f6967) Importer(815301076,1909f56bfc062723c751e8b465ee728b)  -> (artifact id: '1707a3e96b635cd836dd0f701d313319') in 0.062104 seconds 
========================================================================
Received Import Request.
  Time since last request: 3.222845 seconds.
  path: Assets/shovel-knight-pixel-art-maker-302729.png
  artifactKey: Guid(370357726256c64438e6d7e2938f6967) Importer(815301076,1909f56bfc062723c751e8b465ee728b)
Start importing Assets/shovel-knight-pixel-art-maker-302729.png using Guid(370357726256c64438e6d7e2938f6967) Importer(815301076,1909f56bfc062723c751e8b465ee728b)  -> (artifact id: '379b3d1d430fd37637cbff1569f337d4') in 0.050648 seconds 
========================================================================
Received Import Request.
  Time since last request: 61.122725 seconds.
  path: Assets
  artifactKey: Guid(00000000000000001000000000000000) Importer(815301076,1909f56bfc062723c751e8b465ee728b)
Start importing Assets using Guid(00000000000000001000000000000000) Importer(815301076,1909f56bfc062723c751e8b465ee728b)  -> (artifact id: '79842766b460edbeab6a34051e857a80') in 0.086543 seconds 
========================================================================
Received Import Request.
  Time since last request: 49.448916 seconds.
  path: Assets/20-206306_shovel-knight-sprite-shovel-knight-rivals-of-aether.png
  artifactKey: Guid(415bd774fc209654fb584ddaae5d383e) Importer(815301076,1909f56bfc062723c751e8b465ee728b)
Start importing Assets/20-206306_shovel-knight-sprite-shovel-knight-rivals-of-aether.png using Guid(415bd774fc209654fb584ddaae5d383e) Importer(815301076,1909f56bfc062723c751e8b465ee728b)  -> (artifact id: '5715511c60b5f609e566b95b2f966cc5') in 0.123108 seconds 
========================================================================
Received Import Request.
  Time since last request: 73.076796 seconds.
  path: Assets/20-206306_shovel-knight-sprite-shovel-knight-rivals-of-aether.png
  artifactKey: Guid(415bd774fc209654fb584ddaae5d383e) Importer(815301076,1909f56bfc062723c751e8b465ee728b)
Start importing Assets/20-206306_shovel-knight-sprite-shovel-knight-rivals-of-aether.png using Guid(415bd774fc209654fb584ddaae5d383e) Importer(815301076,1909f56bfc062723c751e8b465ee728b)  -> (artifact id: '86f79eaa0a3ac16f3870a7dc56b4eb5c') in 0.092061 seconds 
========================================================================
Received Import Request.
  Time since last request: 51.625856 seconds.
  path: Assets/20-206306_shovel-knight-sprite-shovel-knight-rivals-of-aether.png
  artifactKey: Guid(415bd774fc209654fb584ddaae5d383e) Importer(815301076,1909f56bfc062723c751e8b465ee728b)
Start importing Assets/20-206306_shovel-knight-sprite-shovel-knight-rivals-of-aether.png using Guid(415bd774fc209654fb584ddaae5d383e) Importer(815301076,1909f56bfc062723c751e8b465ee728b)  -> (artifact id: '3df52d41a9c90b94543b6b9bd7fee678') in 0.107371 seconds 
========================================================================
Received Import Request.
  Time since last request: 16.577945 seconds.
  path: Assets/20-206306_shovel-knight-sprite-shovel-knight-rivals-of-aether.png
  artifactKey: Guid(415bd774fc209654fb584ddaae5d383e) Importer(815301076,1909f56bfc062723c751e8b465ee728b)
Start importing Assets/20-206306_shovel-knight-sprite-shovel-knight-rivals-of-aether.png using Guid(415bd774fc209654fb584ddaae5d383e) Importer(815301076,1909f56bfc062723c751e8b465ee728b)  -> (artifact id: 'e218e0635c8a2e26491244691b9d0d7b') in 0.085699 seconds 
========================================================================
Received Import Request.
  Time since last request: 16.237171 seconds.
  path: Assets/20-206306_shovel-knight-sprite-shovel-knight-rivals-of-aether.png
  artifactKey: Guid(415bd774fc209654fb584ddaae5d383e) Importer(815301076,1909f56bfc062723c751e8b465ee728b)
Start importing Assets/20-206306_shovel-knight-sprite-shovel-knight-rivals-of-aether.png using Guid(415bd774fc209654fb584ddaae5d383e) Importer(815301076,1909f56bfc062723c751e8b465ee728b)  -> (artifact id: '56be987fd5690aad6c506b17117822ea') in 0.032155 seconds 
========================================================================
Received Import Request.
  Time since last request: 6.821509 seconds.
  path: Assets/20-206306_shovel-knight-sprite-shovel-knight-rivals-of-aether.png
  artifactKey: Guid(415bd774fc209654fb584ddaae5d383e) Importer(815301076,1909f56bfc062723c751e8b465ee728b)
Start importing Assets/20-206306_shovel-knight-sprite-shovel-knight-rivals-of-aether.png using Guid(415bd774fc209654fb584ddaae5d383e) Importer(815301076,1909f56bfc062723c751e8b465ee728b)  -> (artifact id: '6fe5790bd0b32f9596c9b2dbd4acd66e') in 0.047646 seconds 
========================================================================
Received Import Request.
  Time since last request: 6.208964 seconds.
  path: Assets/20-206306_shovel-knight-sprite-shovel-knight-rivals-of-aether.png
  artifactKey: Guid(415bd774fc209654fb584ddaae5d383e) Importer(815301076,1909f56bfc062723c751e8b465ee728b)
Start importing Assets/20-206306_shovel-knight-sprite-shovel-knight-rivals-of-aether.png using Guid(415bd774fc209654fb584ddaae5d383e) Importer(815301076,1909f56bfc062723c751e8b465ee728b)  -> (artifact id: '2631b046975fbeae4e91f8b29016552c') in 0.110646 seconds 
========================================================================
Received Import Request.
  Time since last request: 12.882628 seconds.
  path: Assets/20-206306_shovel-knight-sprite-shovel-knight-rivals-of-aether.png
  artifactKey: Guid(415bd774fc209654fb584ddaae5d383e) Importer(815301076,1909f56bfc062723c751e8b465ee728b)
Start importing Assets/20-206306_shovel-knight-sprite-shovel-knight-rivals-of-aether.png using Guid(415bd774fc209654fb584ddaae5d383e) Importer(815301076,1909f56bfc062723c751e8b465ee728b)  -> (artifact id: '970ed57337d0bf5a96475d797e195262') in 0.081726 seconds 
========================================================================
Received Import Request.
  Time since last request: 57.744686 seconds.
  path: Assets/20-206306_shovel-knight-sprite-shovel-knight-rivals-of-aether.png
  artifactKey: Guid(415bd774fc209654fb584ddaae5d383e) Importer(815301076,1909f56bfc062723c751e8b465ee728b)
Start importing Assets/20-206306_shovel-knight-sprite-shovel-knight-rivals-of-aether.png using Guid(415bd774fc209654fb584ddaae5d383e) Importer(815301076,1909f56bfc062723c751e8b465ee728b)  -> (artifact id: '570d08c27bee9c59bbe1e1f499e71b38') in 0.033663 seconds 
========================================================================
Received Import Request.
  Time since last request: 16.536044 seconds.
  path: Assets/20-206306_shovel-knight-sprite-shovel-knight-rivals-of-aether.png
  artifactKey: Guid(415bd774fc209654fb584ddaae5d383e) Importer(815301076,1909f56bfc062723c751e8b465ee728b)
Start importing Assets/20-206306_shovel-knight-sprite-shovel-knight-rivals-of-aether.png using Guid(415bd774fc209654fb584ddaae5d383e) Importer(815301076,1909f56bfc062723c751e8b465ee728b)  -> (artifact id: '1b80facfa3b28fc80dbffbcd435d7bb8') in 0.076694 seconds 
========================================================================
Received Import Request.
  Time since last request: 370.293525 seconds.
  path: Assets/50a08cc03073515.png
  artifactKey: Guid(edcda0321e98b244e90ab7bcacd31454) Importer(815301076,1909f56bfc062723c751e8b465ee728b)
Start importing Assets/50a08cc03073515.png using Guid(edcda0321e98b244e90ab7bcacd31454) Importer(815301076,1909f56bfc062723c751e8b465ee728b)  -> (artifact id: 'b76a8921f3e1d986ef8d95b90b35295a') in 0.191493 seconds 
========================================================================
Received Prepare
Registering precompiled user dll's ...
Registered in 0.016223 seconds.
Begin MonoManager ReloadAssembly
Symbol file LoadedFromMemory doesn't match image C:\Users\grim6\Documents\GitHub\GameEx\Rogue Lite Game\Library\PackageCache\com.unity.visualscripting@1.7.6\Editor\VisualScripting.Core\Dependencies\YamlDotNet\Unity.VisualScripting.YamlDotNet.dll
Symbol file LoadedFromMemory doesn't match image C:\Users\grim6\Documents\GitHub\GameEx\Rogue Lite Game\Library\PackageCache\com.unity.visualscripting@1.7.6\Editor\VisualScripting.Core\Dependencies\DotNetZip\Unity.VisualScripting.IonicZip.dll
Native extension for WindowsStandalone target not found
Refreshing native plugins compatible for Editor in 2.90 ms, found 4 plugins.
Preloading 0 native plugins for Editor in 0.00 ms.
Mono: successfully reloaded assembly
- Completed reload, in  4.487 seconds
Domain Reload Profiling:
	ReloadAssembly (4492ms)
		BeginReloadAssembly (639ms)
			ExecutionOrderSort (0ms)
			DisableScriptedObjects (21ms)
			BackupInstance (0ms)
			ReleaseScriptingObjects (0ms)
			CreateAndSetChildDomain (163ms)
		EndReloadAssembly (3522ms)
			LoadAssemblies (521ms)
			RebuildTransferFunctionScriptingTraits (0ms)
			SetupTypeCache (1085ms)
			ReleaseScriptCaches (5ms)
			RebuildScriptCaches (311ms)
			SetupLoadedEditorAssemblies (1417ms)
				LogAssemblyErrors (0ms)
				InitializePlatformSupportModulesInManaged (45ms)
				SetLoadedEditorAssemblies (1ms)
				RefreshPlugins (3ms)
				BeforeProcessingInitializeOnLoad (292ms)
				ProcessInitializeOnLoadAttributes (900ms)
				ProcessInitializeOnLoadMethodAttributes (147ms)
				AfterProcessingInitializeOnLoad (28ms)
				EditorAssembliesLoaded (1ms)
			ExecutionOrderSort2 (0ms)
			AwakeInstancesAfterBackupRestoration (113ms)
Platform modules already initialized, skipping
Refreshing native plugins compatible for Editor in 12.16 ms, found 4 plugins.
Preloading 0 native plugins for Editor in 0.00 ms.
Unloading 4038 Unused Serialized files (Serialized files now loaded: 0)
Unloading 24 unused Assets / (24.6 KB). Loaded Objects now: 4531.
Memory consumption went from 154.5 MB to 154.4 MB.
Total: 11.513300 ms (FindLiveObjects: 1.082400 ms CreateObjectMapping: 0.960200 ms MarkObjects: 9.391700 ms  DeleteObjects: 0.073800 ms)

AssetImportParameters requested are different than current active one (requested -> active):
  custom:video-decoder-ogg-theora: a1e56fd34408186e4bbccfd4996cb3dc -> 
  custom:container-muxer-webm: aa71ff27fc2769a1b78a27578f13a17b -> 
  custom:container-demuxer-webm: 4f35f7cbe854078d1ac9338744f61a02 -> 
  custom:video-encoder-webm-vp8: eb34c28f22e8b96e1ab97ce403110664 -> 
  custom:audio-encoder-webm-vorbis: bf7c407c2cedff20999df2af8eb42d56 -> 
  custom:framework-win-MediaFoundation: 216162199b28c13a410421893ffa2e32 -> 
  custom:container-demuxer-ogg: 62fdf1f143b41e24485cea50d1cbac27 -> 
  custom:video-decoder-webm-vp8: 9c59270c3fd7afecdb556c50c9e8de78 -> 
  custom:audio-decoder-ogg-vorbis: bf7c407c2cedff20999df2af8eb42d56 -> 
========================================================================
Received Import Request.
  Time since last request: 304.824276 seconds.
  path: Assets/9ilmm0002m311.png
  artifactKey: Guid(e218909c5d6de9a42944c82294b3e931) Importer(815301076,1909f56bfc062723c751e8b465ee728b)
Start importing Assets/9ilmm0002m311.png using Guid(e218909c5d6de9a42944c82294b3e931) Importer(815301076,1909f56bfc062723c751e8b465ee728b)  -> (artifact id: 'd42e1135d0e4d1633be4d7bf013c0823') in 0.251176 seconds 
========================================================================
Received Prepare
Registering precompiled user dll's ...
Registered in 0.013265 seconds.
Begin MonoManager ReloadAssembly
Symbol file LoadedFromMemory doesn't match image C:\Users\grim6\Documents\GitHub\GameEx\Rogue Lite Game\Library\PackageCache\com.unity.visualscripting@1.7.6\Editor\VisualScripting.Core\Dependencies\YamlDotNet\Unity.VisualScripting.YamlDotNet.dll
Symbol file LoadedFromMemory doesn't match image C:\Users\grim6\Documents\GitHub\GameEx\Rogue Lite Game\Library\PackageCache\com.unity.visualscripting@1.7.6\Editor\VisualScripting.Core\Dependencies\DotNetZip\Unity.VisualScripting.IonicZip.dll
Native extension for WindowsStandalone target not found
Refreshing native plugins compatible for Editor in 3.27 ms, found 4 plugins.
Preloading 0 native plugins for Editor in 0.00 ms.
Mono: successfully reloaded assembly
- Completed reload, in  6.657 seconds
Domain Reload Profiling:
	ReloadAssembly (6660ms)
		BeginReloadAssembly (1848ms)
			ExecutionOrderSort (0ms)
			DisableScriptedObjects (43ms)
			BackupInstance (0ms)
			ReleaseScriptingObjects (0ms)
			CreateAndSetChildDomain (537ms)
		EndReloadAssembly (4049ms)
			LoadAssemblies (1164ms)
			RebuildTransferFunctionScriptingTraits (0ms)
			SetupTypeCache (1457ms)
			ReleaseScriptCaches (7ms)
			RebuildScriptCaches (327ms)
			SetupLoadedEditorAssemblies (1627ms)
				LogAssemblyErrors (0ms)
				InitializePlatformSupportModulesInManaged (44ms)
				SetLoadedEditorAssemblies (2ms)
				RefreshPlugins (4ms)
				BeforeProcessingInitializeOnLoad (326ms)
				ProcessInitializeOnLoadAttributes (1032ms)
				ProcessInitializeOnLoadMethodAttributes (185ms)
				AfterProcessingInitializeOnLoad (34ms)
				EditorAssembliesLoaded (1ms)
			ExecutionOrderSort2 (0ms)
			AwakeInstancesAfterBackupRestoration (20ms)
Platform modules already initialized, skipping
Refreshing native plugins compatible for Editor in 4.02 ms, found 4 plugins.
Preloading 0 native plugins for Editor in 0.00 ms.
Unloading 4038 Unused Serialized files (Serialized files now loaded: 0)
Unloading 24 unused Assets / (25.7 KB). Loaded Objects now: 4537.
Memory consumption went from 154.5 MB to 154.5 MB.
Total: 4.840100 ms (FindLiveObjects: 0.503500 ms CreateObjectMapping: 0.174500 ms MarkObjects: 4.127400 ms  DeleteObjects: 0.033100 ms)

AssetImportParameters requested are different than current active one (requested -> active):
  custom:video-decoder-ogg-theora: a1e56fd34408186e4bbccfd4996cb3dc -> 
  custom:container-muxer-webm: aa71ff27fc2769a1b78a27578f13a17b -> 
  custom:container-demuxer-webm: 4f35f7cbe854078d1ac9338744f61a02 -> 
  custom:video-encoder-webm-vp8: eb34c28f22e8b96e1ab97ce403110664 -> 
  custom:audio-encoder-webm-vorbis: bf7c407c2cedff20999df2af8eb42d56 -> 
  custom:framework-win-MediaFoundation: 216162199b28c13a410421893ffa2e32 -> 
  custom:container-demuxer-ogg: 62fdf1f143b41e24485cea50d1cbac27 -> 
  custom:video-decoder-webm-vp8: 9c59270c3fd7afecdb556c50c9e8de78 -> 
  custom:audio-decoder-ogg-vorbis: bf7c407c2cedff20999df2af8eb42d56 -> 
========================================================================
Received Prepare
Registering precompiled user dll's ...
Registered in 0.019351 seconds.
Begin MonoManager ReloadAssembly
Symbol file LoadedFromMemory doesn't match image C:\Users\grim6\Documents\GitHub\GameEx\Rogue Lite Game\Library\PackageCache\com.unity.visualscripting@1.7.6\Editor\VisualScripting.Core\Dependencies\YamlDotNet\Unity.VisualScripting.YamlDotNet.dll
Symbol file LoadedFromMemory doesn't match image C:\Users\grim6\Documents\GitHub\GameEx\Rogue Lite Game\Library\PackageCache\com.unity.visualscripting@1.7.6\Editor\VisualScripting.Core\Dependencies\DotNetZip\Unity.VisualScripting.IonicZip.dll
Native extension for WindowsStandalone target not found
Refreshing native plugins compatible for Editor in 6.44 ms, found 4 plugins.
Preloading 0 native plugins for Editor in 0.00 ms.
Mono: successfully reloaded assembly
- Completed reload, in  4.290 seconds
Domain Reload Profiling:
	ReloadAssembly (4293ms)
		BeginReloadAssembly (459ms)
			ExecutionOrderSort (0ms)
			DisableScriptedObjects (20ms)
			BackupInstance (0ms)
			ReleaseScriptingObjects (1ms)
			CreateAndSetChildDomain (111ms)
		EndReloadAssembly (3317ms)
			LoadAssemblies (351ms)
			RebuildTransferFunctionScriptingTraits (0ms)
			SetupTypeCache (1010ms)
			ReleaseScriptCaches (5ms)
			RebuildScriptCaches (171ms)
			SetupLoadedEditorAssemblies (1620ms)
				LogAssemblyErrors (0ms)
				InitializePlatformSupportModulesInManaged (233ms)
				SetLoadedEditorAssemblies (1ms)
				RefreshPlugins (7ms)
				BeforeProcessingInitializeOnLoad (253ms)
				ProcessInitializeOnLoadAttributes (927ms)
				ProcessInitializeOnLoadMethodAttributes (169ms)
				AfterProcessingInitializeOnLoad (30ms)
				EditorAssembliesLoaded (1ms)
			ExecutionOrderSort2 (0ms)
			AwakeInstancesAfterBackupRestoration (28ms)
Platform modules already initialized, skipping
Refreshing native plugins compatible for Editor in 7.63 ms, found 4 plugins.
Preloading 0 native plugins for Editor in 0.00 ms.
Unloading 4038 Unused Serialized files (Serialized files now loaded: 0)
Unloading 24 unused Assets / (24.7 KB). Loaded Objects now: 4540.
Memory consumption went from 154.5 MB to 154.5 MB.
Total: 7.690700 ms (FindLiveObjects: 0.490700 ms CreateObjectMapping: 0.666200 ms MarkObjects: 6.500800 ms  DeleteObjects: 0.031600 ms)

AssetImportParameters requested are different than current active one (requested -> active):
  custom:video-decoder-ogg-theora: a1e56fd34408186e4bbccfd4996cb3dc -> 
  custom:container-muxer-webm: aa71ff27fc2769a1b78a27578f13a17b -> 
  custom:container-demuxer-webm: 4f35f7cbe854078d1ac9338744f61a02 -> 
  custom:video-encoder-webm-vp8: eb34c28f22e8b96e1ab97ce403110664 -> 
  custom:audio-encoder-webm-vorbis: bf7c407c2cedff20999df2af8eb42d56 -> 
  custom:framework-win-MediaFoundation: 216162199b28c13a410421893ffa2e32 -> 
  custom:container-demuxer-ogg: 62fdf1f143b41e24485cea50d1cbac27 -> 
  custom:video-decoder-webm-vp8: 9c59270c3fd7afecdb556c50c9e8de78 -> 
  custom:audio-decoder-ogg-vorbis: bf7c407c2cedff20999df2af8eb42d56 -> 
========================================================================
Received Import Request.
  Time since last request: 385.264231 seconds.
  path: Assets/Scenes/Gaming.unity
  artifactKey: Guid(4f23312985ebd9c4ead164c2d3c4fc9a) Importer(815301076,1909f56bfc062723c751e8b465ee728b)
Start importing Assets/Scenes/Gaming.unity using Guid(4f23312985ebd9c4ead164c2d3c4fc9a) Importer(815301076,1909f56bfc062723c751e8b465ee728b)  -> (artifact id: '7f211dac71da7aff9753378b5a0991c8') in 0.018567 seconds 
